[2024-03-18 03:04:21] local.ERROR: Vite manifest not found at: F:\ITTS Materi\Semester 4\Framework\Praktikum\tugas2_routing\public\build/manifest.json {"view":{"view":"F:\\ITTS Materi\\Semester 4\\Framework\\Praktikum\\tugas2_routing\\resources\\views\\welcome.blade.php","data":{"errors":"<pre class=sf-dump id=sf-dump-1451262830 data-indent-pad=\"  \"><span class=sf-dump-note>Illuminate\\Support\\ViewErrorBag</span> {<a class=sf-dump-ref>#284</a><samp data-depth=1 class=sf-dump-expanded>
  #<span class=sf-dump-protected title=\"Protected property\">bags</span>: []
</samp>}
</pre><script>Sfdump(\"sf-dump-1451262830\", {\"maxDepth\":3,\"maxStringLength\":160})</script>
"}},"exception":"[object] (Spatie\\LaravelIgnition\\Exceptions\\ViewException(code: 0): Vite manifest not found at: F:\\ITTS Materi\\Semester 4\\Framework\\Praktikum\\tugas2_routing\\public\\build/manifest.json at F:\\ITTS Materi\\Semester 4\\Framework\\Praktikum\\tugas2_routing\\vendor\\laravel\\framework\\src\\Illuminate\\Foundation\\Vite.php:728)
[stacktrace]
#0 F:\\ITTS Materi\\Semester 4\\Framework\\Praktikum\\tugas2_routing\\vendor\\laravel\\framework\\src\\Illuminate\\Foundation\\Vite.php(293): Illuminate\\Foundation\\Vite->manifest('build')
#1 F:\\ITTS Materi\\Semester 4\\Framework\\Praktikum\\tugas2_routing\\resources\\views\\welcome.blade.php(7): Illuminate\\Foundation\\Vite->__invoke(Object(Illuminate\\Support\\Collection))
#2 F:\\ITTS Materi\\Semester 4\\Framework\\Praktikum\\tugas2_routing\\vendor\\laravel\\framework\\src\\Illuminate\\Filesystem\\Filesystem.php(124): require('F:\\\\ITTS Materi\\\\...')
#3 F:\\ITTS Materi\\Semester 4\\Framework\\Praktikum\\tugas2_routing\\vendor\\laravel\\framework\\src\\Illuminate\\Filesystem\\Filesystem.php(125): Illuminate\\Filesystem\\Filesystem::Illuminate\\Filesystem\\{closure}()
#4 F:\\ITTS Materi\\Semester 4\\Framework\\Praktikum\\tugas2_routing\\vendor\\laravel\\framework\\src\\Illuminate\\View\\Engines\\PhpEngine.php(58): Illuminate\\Filesystem\\Filesystem->getRequire('F:\\\\ITTS Materi\\\\...', Array)
#5 F:\\ITTS Materi\\Semester 4\\Framework\\Praktikum\\tugas2_routing\\vendor\\laravel\\framework\\src\\Illuminate\\View\\Engines\\CompilerEngine.php(72): Illuminate\\View\\Engines\\PhpEngine->evaluatePath('F:\\\\ITTS Materi\\\\...', Array)
#6 F:\\ITTS Materi\\Semester 4\\Framework\\Praktikum\\tugas2_routing\\vendor\\laravel\\framework\\src\\Illuminate\\View\\View.php(207): Illuminate\\View\\Engines\\CompilerEngine->get('F:\\\\ITTS Materi\\\\...', Array)
#7 F:\\ITTS Materi\\Semester 4\\Framework\\Praktikum\\tugas2_routing\\vendor\\laravel\\framework\\src\\Illuminate\\View\\View.php(190): Illuminate\\View\\View->getContents()
#8 F:\\ITTS Materi\\Semester 4\\Framework\\Praktikum\\tugas2_routing\\vendor\\laravel\\framework\\src\\Illuminate\\View\\View.php(159): Illuminate\\View\\View->renderContents()
#9 F:\\ITTS Materi\\Semester 4\\Framework\\Praktikum\\tugas2_routing\\vendor\\laravel\\framework\\src\\Illuminate\\Http\\Response.php(69): Illuminate\\View\\View->render()
#10 F:\\ITTS Materi\\Semester 4\\Framework\\Praktikum\\tugas2_routing\\vendor\\laravel\\framework\\src\\Illuminate\\Http\\Response.php(35): Illuminate\\Http\\Response->setContent(Object(Illuminate\\View\\View))
#11 F:\\ITTS Materi\\Semester 4\\Framework\\Praktikum\\tugas2_routing\\vendor\\laravel\\framework\\src\\Illuminate\\Routing\\Router.php(918): Illuminate\\Http\\Response->__construct(Object(Illuminate\\View\\View), 200, Array)
#12 F:\\ITTS Materi\\Semester 4\\Framework\\Praktikum\\tugas2_routing\\vendor\\laravel\\framework\\src\\Illuminate\\Routing\\Router.php(885): Illuminate\\Routing\\Router::toResponse(Object(Illuminate\\Http\\Request), Object(Illuminate\\View\\View))
#13 F:\\ITTS Materi\\Semester 4\\Framework\\Praktikum\\tugas2_routing\\vendor\\laravel\\framework\\src\\Illuminate\\Routing\\Router.php(805): Illuminate\\Routing\\Router->prepareResponse(Object(Illuminate\\Http\\Request), Object(Illuminate\\View\\View))
#14 F:\\ITTS Materi\\Semester 4\\Framework\\Praktikum\\tugas2_routing\\vendor\\laravel\\framework\\src\\Illuminate\\Pipeline\\Pipeline.php(144): Illuminate\\Routing\\Router->Illuminate\\Routing\\{closure}(Object(Illuminate\\Http\\Request))
#15 F:\\ITTS Materi\\Semester 4\\Framework\\Praktikum\\tugas2_routing\\vendor\\laravel\\framework\\src\\Illuminate\\Routing\\Middleware\\SubstituteBindings.php(50): Illuminate\\Pipeline\\Pipeline->Illuminate\\Pipeline\\{closure}(Object(Illuminate\\Http\\Request))
#16 F:\\ITTS Materi\\Semester 4\\Framework\\Praktikum\\tugas2_routing\\vendor\\laravel\\framework\\src\\Illuminate\\Pipeline\\Pipeline.php(183): Illuminate\\Routing\\Middleware\\SubstituteBindings->handle(Object(Illuminate\\Http\\Request), Object(Closure))
#17 F:\\ITTS Materi\\Semester 4\\Framework\\Praktikum\\tugas2_routing\\vendor\\laravel\\framework\\src\\Illuminate\\Foundation\\Http\\Middleware\\VerifyCsrfToken.php(78): Illuminate\\Pipeline\\Pipeline->Illuminate\\Pipeline\\{closure}(Object(Illuminate\\Http\\Request))
#18 F:\\ITTS Materi\\Semester 4\\Framework\\Praktikum\\tugas2_routing\\vendor\\laravel\\framework\\src\\Illuminate\\Pipeline\\Pipeline.php(183): Illuminate\\Foundation\\Http\\Middleware\\VerifyCsrfToken->handle(Object(Illuminate\\Http\\Request), Object(Closure))
#19 F:\\ITTS Materi\\Semester 4\\Framework\\Praktikum\\tugas2_routing\\vendor\\laravel\\framework\\src\\Illuminate\\View\\Middleware\\ShareErrorsFromSession.php(49): Illuminate\\Pipeline\\Pipeline->Illuminate\\Pipeline\\{closure}(Object(Illuminate\\Http\\Request))
#20 F:\\ITTS Materi\\Semester 4\\Framework\\Praktikum\\tugas2_routing\\vendor\\laravel\\framework\\src\\Illuminate\\Pipeline\\Pipeline.php(183): Illuminate\\View\\Middleware\\ShareErrorsFromSession->handle(Object(Illuminate\\Http\\Request), Object(Closure))
#21 F:\\ITTS Materi\\Semester 4\\Framework\\Praktikum\\tugas2_routing\\vendor\\laravel\\framework\\src\\Illuminate\\Session\\Middleware\\StartSession.php(121): Illuminate\\Pipeline\\Pipeline->Illuminate\\Pipeline\\{closure}(Object(Illuminate\\Http\\Request))
#22 F:\\ITTS Materi\\Semester 4\\Framework\\Praktikum\\tugas2_routing\\vendor\\laravel\\framework\\src\\Illuminate\\Session\\Middleware\\StartSession.php(64): Illuminate\\Session\\Middleware\\StartSession->handleStatefulRequest(Object(Illuminate\\Http\\Request), Object(Illuminate\\Session\\Store), Object(Closure))
#23 F:\\ITTS Materi\\Semester 4\\Framework\\Praktikum\\tugas2_routing\\vendor\\laravel\\framework\\src\\Illuminate\\Pipeline\\Pipeline.php(183): Illuminate\\Session\\Middleware\\StartSession->handle(Object(Illuminate\\Http\\Request), Object(Closure))
#24 F:\\ITTS Materi\\Semester 4\\Framework\\Praktikum\\tugas2_routing\\vendor\\laravel\\framework\\src\\Illuminate\\Cookie\\Middleware\\AddQueuedCookiesToResponse.php(37): Illuminate\\Pipeline\\Pipeline->Illuminate\\Pipeline\\{closure}(Object(Illuminate\\Http\\Request))
#25 F:\\ITTS Materi\\Semester 4\\Framework\\Praktikum\\tugas2_routing\\vendor\\laravel\\framework\\src\\Illuminate\\Pipeline\\Pipeline.php(183): Illuminate\\Cookie\\Middleware\\AddQueuedCookiesToResponse->handle(Object(Illuminate\\Http\\Request), Object(Closure))
#26 F:\\ITTS Materi\\Semester 4\\Framework\\Praktikum\\tugas2_routing\\vendor\\laravel\\framework\\src\\Illuminate\\Cookie\\Middleware\\EncryptCookies.php(67): Illuminate\\Pipeline\\Pipeline->Illuminate\\Pipeline\\{closure}(Object(Illuminate\\Http\\Request))
#27 F:\\ITTS Materi\\Semester 4\\Framework\\Praktikum\\tugas2_routing\\vendor\\laravel\\framework\\src\\Illuminate\\Pipeline\\Pipeline.php(183): Illuminate\\Cookie\\Middleware\\EncryptCookies->handle(Object(Illuminate\\Http\\Request), Object(Closure))
#28 F:\\ITTS Materi\\Semester 4\\Framework\\Praktikum\\tugas2_routing\\vendor\\laravel\\framework\\src\\Illuminate\\Pipeline\\Pipeline.php(119): Illuminate\\Pipeline\\Pipeline->Illuminate\\Pipeline\\{closure}(Object(Illuminate\\Http\\Request))
#29 F:\\ITTS Materi\\Semester 4\\Framework\\Praktikum\\tugas2_routing\\vendor\\laravel\\framework\\src\\Illuminate\\Routing\\Router.php(805): Illuminate\\Pipeline\\Pipeline->then(Object(Closure))
#30 F:\\ITTS Materi\\Semester 4\\Framework\\Praktikum\\tugas2_routing\\vendor\\laravel\\framework\\src\\Illuminate\\Routing\\Router.php(784): Illuminate\\Routing\\Router->runRouteWithinStack(Object(Illuminate\\Routing\\Route), Object(Illuminate\\Http\\Request))
#31 F:\\ITTS Materi\\Semester 4\\Framework\\Praktikum\\tugas2_routing\\vendor\\laravel\\framework\\src\\Illuminate\\Routing\\Router.php(748): Illuminate\\Routing\\Router->runRoute(Object(Illuminate\\Http\\Request), Object(Illuminate\\Routing\\Route))
#32 F:\\ITTS Materi\\Semester 4\\Framework\\Praktikum\\tugas2_routing\\vendor\\laravel\\framework\\src\\Illuminate\\Routing\\Router.php(737): Illuminate\\Routing\\Router->dispatchToRoute(Object(Illuminate\\Http\\Request))
#33 F:\\ITTS Materi\\Semester 4\\Framework\\Praktikum\\tugas2_routing\\vendor\\laravel\\framework\\src\\Illuminate\\Foundation\\Http\\Kernel.php(200): Illuminate\\Routing\\Router->dispatch(Object(Illuminate\\Http\\Request))
#34 F:\\ITTS Materi\\Semester 4\\Framework\\Praktikum\\tugas2_routing\\vendor\\laravel\\framework\\src\\Illuminate\\Pipeline\\Pipeline.php(144): Illuminate\\Foundation\\Http\\Kernel->Illuminate\\Foundation\\Http\\{closure}(Object(Illuminate\\Http\\Request))
#35 F:\\ITTS Materi\\Semester 4\\Framework\\Praktikum\\tugas2_routing\\vendor\\laravel\\framework\\src\\Illuminate\\Foundation\\Http\\Middleware\\TransformsRequest.php(21): Illuminate\\Pipeline\\Pipeline->Illuminate\\Pipeline\\{closure}(Object(Illuminate\\Http\\Request))
#36 F:\\ITTS Materi\\Semester 4\\Framework\\Praktikum\\tugas2_routing\\vendor\\laravel\\framework\\src\\Illuminate\\Foundation\\Http\\Middleware\\ConvertEmptyStringsToNull.php(31): Illuminate\\Foundation\\Http\\Middleware\\TransformsRequest->handle(Object(Illuminate\\Http\\Request), Object(Closure))
#37 F:\\ITTS Materi\\Semester 4\\Framework\\Praktikum\\tugas2_routing\\vendor\\laravel\\framework\\src\\Illuminate\\Pipeline\\Pipeline.php(183): Illuminate\\Foundation\\Http\\Middleware\\ConvertEmptyStringsToNull->handle(Object(Illuminate\\Http\\Request), Object(Closure))
#38 F:\\ITTS Materi\\Semester 4\\Framework\\Praktikum\\tugas2_routing\\vendor\\laravel\\framework\\src\\Illuminate\\Foundation\\Http\\Middleware\\TransformsRequest.php(21): Illuminate\\Pipeline\\Pipeline->Illuminate\\Pipeline\\{closure}(Object(Illuminate\\Http\\Request))
#39 F:\\ITTS Materi\\Semester 4\\Framework\\Praktikum\\tugas2_routing\\vendor\\laravel\\framework\\src\\Illuminate\\Foundation\\Http\\Middleware\\TrimStrings.php(40): Illuminate\\Foundation\\Http\\Middleware\\TransformsRequest->handle(Object(Illuminate\\Http\\Request), Object(Closure))
#40 F:\\ITTS Materi\\Semester 4\\Framework\\Praktikum\\tugas2_routing\\vendor\\laravel\\framework\\src\\Illuminate\\Pipeline\\Pipeline.php(183): Illuminate\\Foundation\\Http\\Middleware\\TrimStrings->handle(Object(Illuminate\\Http\\Request), Object(Closure))
#41 F:\\ITTS Materi\\Semester 4\\Framework\\Praktikum\\tugas2_routing\\vendor\\laravel\\framework\\src\\Illuminate\\Foundation\\Http\\Middleware\\ValidatePostSize.php(27): Illuminate\\Pipeline\\Pipeline->Illuminate\\Pipeline\\{closure}(Object(Illuminate\\Http\\Request))
#42 F:\\ITTS Materi\\Semester 4\\Framework\\Praktikum\\tugas2_routing\\vendor\\laravel\\framework\\src\\Illuminate\\Pipeline\\Pipeline.php(183): Illuminate\\Foundation\\Http\\Middleware\\ValidatePostSize->handle(Object(Illuminate\\Http\\Request), Object(Closure))
#43 F:\\ITTS Materi\\Semester 4\\Framework\\Praktikum\\tugas2_routing\\vendor\\laravel\\framework\\src\\Illuminate\\Foundation\\Http\\Middleware\\PreventRequestsDuringMaintenance.php(99): Illuminate\\Pipeline\\Pipeline->Illuminate\\Pipeline\\{closure}(Object(Illuminate\\Http\\Request))
#44 F:\\ITTS Materi\\Semester 4\\Framework\\Praktikum\\tugas2_routing\\vendor\\laravel\\framework\\src\\Illuminate\\Pipeline\\Pipeline.php(183): Illuminate\\Foundation\\Http\\Middleware\\PreventRequestsDuringMaintenance->handle(Object(Illuminate\\Http\\Request), Object(Closure))
#45 F:\\ITTS Materi\\Semester 4\\Framework\\Praktikum\\tugas2_routing\\vendor\\laravel\\framework\\src\\Illuminate\\Http\\Middleware\\HandleCors.php(49): Illuminate\\Pipeline\\Pipeline->Illuminate\\Pipeline\\{closure}(Object(Illuminate\\Http\\Request))
#46 F:\\ITTS Materi\\Semester 4\\Framework\\Praktikum\\tugas2_routing\\vendor\\laravel\\framework\\src\\Illuminate\\Pipeline\\Pipeline.php(183): Illuminate\\Http\\Middleware\\HandleCors->handle(Object(Illuminate\\Http\\Request), Object(Closure))
#47 F:\\ITTS Materi\\Semester 4\\Framework\\Praktikum\\tugas2_routing\\vendor\\laravel\\framework\\src\\Illuminate\\Http\\Middleware\\TrustProxies.php(39): Illuminate\\Pipeline\\Pipeline->Illuminate\\Pipeline\\{closure}(Object(Illuminate\\Http\\Request))
#48 F:\\ITTS Materi\\Semester 4\\Framework\\Praktikum\\tugas2_routing\\vendor\\laravel\\framework\\src\\Illuminate\\Pipeline\\Pipeline.php(183): Illuminate\\Http\\Middleware\\TrustProxies->handle(Object(Illuminate\\Http\\Request), Object(Closure))
#49 F:\\ITTS Materi\\Semester 4\\Framework\\Praktikum\\tugas2_routing\\vendor\\laravel\\framework\\src\\Illuminate\\Pipeline\\Pipeline.php(119): Illuminate\\Pipeline\\Pipeline->Illuminate\\Pipeline\\{closure}(Object(Illuminate\\Http\\Request))
#50 F:\\ITTS Materi\\Semester 4\\Framework\\Praktikum\\tugas2_routing\\vendor\\laravel\\framework\\src\\Illuminate\\Foundation\\Http\\Kernel.php(175): Illuminate\\Pipeline\\Pipeline->then(Object(Closure))
#51 F:\\ITTS Materi\\Semester 4\\Framework\\Praktikum\\tugas2_routing\\vendor\\laravel\\framework\\src\\Illuminate\\Foundation\\Http\\Kernel.php(144): Illuminate\\Foundation\\Http\\Kernel->sendRequestThroughRouter(Object(Illuminate\\Http\\Request))
#52 F:\\ITTS Materi\\Semester 4\\Framework\\Praktikum\\tugas2_routing\\public\\index.php(51): Illuminate\\Foundation\\Http\\Kernel->handle(Object(Illuminate\\Http\\Request))
#53 F:\\ITTS Materi\\Semester 4\\Framework\\Praktikum\\tugas2_routing\\vendor\\laravel\\framework\\src\\Illuminate\\Foundation\\resources\\server.php(16): require_once('F:\\\\ITTS Materi\\\\...')
#54 {main}

[previous exception] [object] (Illuminate\\Foundation\\ViteManifestNotFoundException(code: 0): Vite manifest not found at: F:\\ITTS Materi\\Semester 4\\Framework\\Praktikum\\tugas2_routing\\public\\build/manifest.json at F:\\ITTS Materi\\Semester 4\\Framework\\Praktikum\\tugas2_routing\\vendor\\laravel\\framework\\src\\Illuminate\\Foundation\\Vite.php:728)
[stacktrace]
#0 F:\\ITTS Materi\\Semester 4\\Framework\\Praktikum\\tugas2_routing\\vendor\\laravel\\framework\\src\\Illuminate\\Foundation\\Vite.php(293): Illuminate\\Foundation\\Vite->manifest('build')
#1 F:\\ITTS Materi\\Semester 4\\Framework\\Praktikum\\tugas2_routing\\storage\\framework\\views\\91ab0f3b7995576182d10836048b6015.php(7): Illuminate\\Foundation\\Vite->__invoke(Object(Illuminate\\Support\\Collection))
#2 F:\\ITTS Materi\\Semester 4\\Framework\\Praktikum\\tugas2_routing\\vendor\\laravel\\framework\\src\\Illuminate\\Filesystem\\Filesystem.php(124): require('F:\\\\ITTS Materi\\\\...')
#3 F:\\ITTS Materi\\Semester 4\\Framework\\Praktikum\\tugas2_routing\\vendor\\laravel\\framework\\src\\Illuminate\\Filesystem\\Filesystem.php(125): Illuminate\\Filesystem\\Filesystem::Illuminate\\Filesystem\\{closure}()
#4 F:\\ITTS Materi\\Semester 4\\Framework\\Praktikum\\tugas2_routing\\vendor\\laravel\\framework\\src\\Illuminate\\View\\Engines\\PhpEngine.php(58): Illuminate\\Filesystem\\Filesystem->getRequire('F:\\\\ITTS Materi\\\\...', Array)
#5 F:\\ITTS Materi\\Semester 4\\Framework\\Praktikum\\tugas2_routing\\vendor\\laravel\\framework\\src\\Illuminate\\View\\Engines\\CompilerEngine.php(72): Illuminate\\View\\Engines\\PhpEngine->evaluatePath('F:\\\\ITTS Materi\\\\...', Array)
#6 F:\\ITTS Materi\\Semester 4\\Framework\\Praktikum\\tugas2_routing\\vendor\\laravel\\framework\\src\\Illuminate\\View\\View.php(207): Illuminate\\View\\Engines\\CompilerEngine->get('F:\\\\ITTS Materi\\\\...', Array)
#7 F:\\ITTS Materi\\Semester 4\\Framework\\Praktikum\\tugas2_routing\\vendor\\laravel\\framework\\src\\Illuminate\\View\\View.php(190): Illuminate\\View\\View->getContents()
#8 F:\\ITTS Materi\\Semester 4\\Framework\\Praktikum\\tugas2_routing\\vendor\\laravel\\framework\\src\\Illuminate\\View\\View.php(159): Illuminate\\View\\View->renderContents()
#9 F:\\ITTS Materi\\Semester 4\\Framework\\Praktikum\\tugas2_routing\\vendor\\laravel\\framework\\src\\Illuminate\\Http\\Response.php(69): Illuminate\\View\\View->render()
#10 F:\\ITTS Materi\\Semester 4\\Framework\\Praktikum\\tugas2_routing\\vendor\\laravel\\framework\\src\\Illuminate\\Http\\Response.php(35): Illuminate\\Http\\Response->setContent(Object(Illuminate\\View\\View))
#11 F:\\ITTS Materi\\Semester 4\\Framework\\Praktikum\\tugas2_routing\\vendor\\laravel\\framework\\src\\Illuminate\\Routing\\Router.php(918): Illuminate\\Http\\Response->__construct(Object(Illuminate\\View\\View), 200, Array)
#12 F:\\ITTS Materi\\Semester 4\\Framework\\Praktikum\\tugas2_routing\\vendor\\laravel\\framework\\src\\Illuminate\\Routing\\Router.php(885): Illuminate\\Routing\\Router::toResponse(Object(Illuminate\\Http\\Request), Object(Illuminate\\View\\View))
#13 F:\\ITTS Materi\\Semester 4\\Framework\\Praktikum\\tugas2_routing\\vendor\\laravel\\framework\\src\\Illuminate\\Routing\\Router.php(805): Illuminate\\Routing\\Router->prepareResponse(Object(Illuminate\\Http\\Request), Object(Illuminate\\View\\View))
#14 F:\\ITTS Materi\\Semester 4\\Framework\\Praktikum\\tugas2_routing\\vendor\\laravel\\framework\\src\\Illuminate\\Pipeline\\Pipeline.php(144): Illuminate\\Routing\\Router->Illuminate\\Routing\\{closure}(Object(Illuminate\\Http\\Request))
#15 F:\\ITTS Materi\\Semester 4\\Framework\\Praktikum\\tugas2_routing\\vendor\\laravel\\framework\\src\\Illuminate\\Routing\\Middleware\\SubstituteBindings.php(50): Illuminate\\Pipeline\\Pipeline->Illuminate\\Pipeline\\{closure}(Object(Illuminate\\Http\\Request))
#16 F:\\ITTS Materi\\Semester 4\\Framework\\Praktikum\\tugas2_routing\\vendor\\laravel\\framework\\src\\Illuminate\\Pipeline\\Pipeline.php(183): Illuminate\\Routing\\Middleware\\SubstituteBindings->handle(Object(Illuminate\\Http\\Request), Object(Closure))
#17 F:\\ITTS Materi\\Semester 4\\Framework\\Praktikum\\tugas2_routing\\vendor\\laravel\\framework\\src\\Illuminate\\Foundation\\Http\\Middleware\\VerifyCsrfToken.php(78): Illuminate\\Pipeline\\Pipeline->Illuminate\\Pipeline\\{closure}(Object(Illuminate\\Http\\Request))
#18 F:\\ITTS Materi\\Semester 4\\Framework\\Praktikum\\tugas2_routing\\vendor\\laravel\\framework\\src\\Illuminate\\Pipeline\\Pipeline.php(183): Illuminate\\Foundation\\Http\\Middleware\\VerifyCsrfToken->handle(Object(Illuminate\\Http\\Request), Object(Closure))
#19 F:\\ITTS Materi\\Semester 4\\Framework\\Praktikum\\tugas2_routing\\vendor\\laravel\\framework\\src\\Illuminate\\View\\Middleware\\ShareErrorsFromSession.php(49): Illuminate\\Pipeline\\Pipeline->Illuminate\\Pipeline\\{closure}(Object(Illuminate\\Http\\Request))
#20 F:\\ITTS Materi\\Semester 4\\Framework\\Praktikum\\tugas2_routing\\vendor\\laravel\\framework\\src\\Illuminate\\Pipeline\\Pipeline.php(183): Illuminate\\View\\Middleware\\ShareErrorsFromSession->handle(Object(Illuminate\\Http\\Request), Object(Closure))
#21 F:\\ITTS Materi\\Semester 4\\Framework\\Praktikum\\tugas2_routing\\vendor\\laravel\\framework\\src\\Illuminate\\Session\\Middleware\\StartSession.php(121): Illuminate\\Pipeline\\Pipeline->Illuminate\\Pipeline\\{closure}(Object(Illuminate\\Http\\Request))
#22 F:\\ITTS Materi\\Semester 4\\Framework\\Praktikum\\tugas2_routing\\vendor\\laravel\\framework\\src\\Illuminate\\Session\\Middleware\\StartSession.php(64): Illuminate\\Session\\Middleware\\StartSession->handleStatefulRequest(Object(Illuminate\\Http\\Request), Object(Illuminate\\Session\\Store), Object(Closure))
#23 F:\\ITTS Materi\\Semester 4\\Framework\\Praktikum\\tugas2_routing\\vendor\\laravel\\framework\\src\\Illuminate\\Pipeline\\Pipeline.php(183): Illuminate\\Session\\Middleware\\StartSession->handle(Object(Illuminate\\Http\\Request), Object(Closure))
#24 F:\\ITTS Materi\\Semester 4\\Framework\\Praktikum\\tugas2_routing\\vendor\\laravel\\framework\\src\\Illuminate\\Cookie\\Middleware\\AddQueuedCookiesToResponse.php(37): Illuminate\\Pipeline\\Pipeline->Illuminate\\Pipeline\\{closure}(Object(Illuminate\\Http\\Request))
#25 F:\\ITTS Materi\\Semester 4\\Framework\\Praktikum\\tugas2_routing\\vendor\\laravel\\framework\\src\\Illuminate\\Pipeline\\Pipeline.php(183): Illuminate\\Cookie\\Middleware\\AddQueuedCookiesToResponse->handle(Object(Illuminate\\Http\\Request), Object(Closure))
#26 F:\\ITTS Materi\\Semester 4\\Framework\\Praktikum\\tugas2_routing\\vendor\\laravel\\framework\\src\\Illuminate\\Cookie\\Middleware\\EncryptCookies.php(67): Illuminate\\Pipeline\\Pipeline->Illuminate\\Pipeline\\{closure}(Object(Illuminate\\Http\\Request))
#27 F:\\ITTS Materi\\Semester 4\\Framework\\Praktikum\\tugas2_routing\\vendor\\laravel\\framework\\src\\Illuminate\\Pipeline\\Pipeline.php(183): Illuminate\\Cookie\\Middleware\\EncryptCookies->handle(Object(Illuminate\\Http\\Request), Object(Closure))
#28 F:\\ITTS Materi\\Semester 4\\Framework\\Praktikum\\tugas2_routing\\vendor\\laravel\\framework\\src\\Illuminate\\Pipeline\\Pipeline.php(119): Illuminate\\Pipeline\\Pipeline->Illuminate\\Pipeline\\{closure}(Object(Illuminate\\Http\\Request))
#29 F:\\ITTS Materi\\Semester 4\\Framework\\Praktikum\\tugas2_routing\\vendor\\laravel\\framework\\src\\Illuminate\\Routing\\Router.php(805): Illuminate\\Pipeline\\Pipeline->then(Object(Closure))
#30 F:\\ITTS Materi\\Semester 4\\Framework\\Praktikum\\tugas2_routing\\vendor\\laravel\\framework\\src\\Illuminate\\Routing\\Router.php(784): Illuminate\\Routing\\Router->runRouteWithinStack(Object(Illuminate\\Routing\\Route), Object(Illuminate\\Http\\Request))
#31 F:\\ITTS Materi\\Semester 4\\Framework\\Praktikum\\tugas2_routing\\vendor\\laravel\\framework\\src\\Illuminate\\Routing\\Router.php(748): Illuminate\\Routing\\Router->runRoute(Object(Illuminate\\Http\\Request), Object(Illuminate\\Routing\\Route))
#32 F:\\ITTS Materi\\Semester 4\\Framework\\Praktikum\\tugas2_routing\\vendor\\laravel\\framework\\src\\Illuminate\\Routing\\Router.php(737): Illuminate\\Routing\\Router->dispatchToRoute(Object(Illuminate\\Http\\Request))
#33 F:\\ITTS Materi\\Semester 4\\Framework\\Praktikum\\tugas2_routing\\vendor\\laravel\\framework\\src\\Illuminate\\Foundation\\Http\\Kernel.php(200): Illuminate\\Routing\\Router->dispatch(Object(Illuminate\\Http\\Request))
#34 F:\\ITTS Materi\\Semester 4\\Framework\\Praktikum\\tugas2_routing\\vendor\\laravel\\framework\\src\\Illuminate\\Pipeline\\Pipeline.php(144): Illuminate\\Foundation\\Http\\Kernel->Illuminate\\Foundation\\Http\\{closure}(Object(Illuminate\\Http\\Request))
#35 F:\\ITTS Materi\\Semester 4\\Framework\\Praktikum\\tugas2_routing\\vendor\\laravel\\framework\\src\\Illuminate\\Foundation\\Http\\Middleware\\TransformsRequest.php(21): Illuminate\\Pipeline\\Pipeline->Illuminate\\Pipeline\\{closure}(Object(Illuminate\\Http\\Request))
#36 F:\\ITTS Materi\\Semester 4\\Framework\\Praktikum\\tugas2_routing\\vendor\\laravel\\framework\\src\\Illuminate\\Foundation\\Http\\Middleware\\ConvertEmptyStringsToNull.php(31): Illuminate\\Foundation\\Http\\Middleware\\TransformsRequest->handle(Object(Illuminate\\Http\\Request), Object(Closure))
#37 F:\\ITTS Materi\\Semester 4\\Framework\\Praktikum\\tugas2_routing\\vendor\\laravel\\framework\\src\\Illuminate\\Pipeline\\Pipeline.php(183): Illuminate\\Foundation\\Http\\Middleware\\ConvertEmptyStringsToNull->handle(Object(Illuminate\\Http\\Request), Object(Closure))
#38 F:\\ITTS Materi\\Semester 4\\Framework\\Praktikum\\tugas2_routing\\vendor\\laravel\\framework\\src\\Illuminate\\Foundation\\Http\\Middleware\\TransformsRequest.php(21): Illuminate\\Pipeline\\Pipeline->Illuminate\\Pipeline\\{closure}(Object(Illuminate\\Http\\Request))
#39 F:\\ITTS Materi\\Semester 4\\Framework\\Praktikum\\tugas2_routing\\vendor\\laravel\\framework\\src\\Illuminate\\Foundation\\Http\\Middleware\\TrimStrings.php(40): Illuminate\\Foundation\\Http\\Middleware\\TransformsRequest->handle(Object(Illuminate\\Http\\Request), Object(Closure))
#40 F:\\ITTS Materi\\Semester 4\\Framework\\Praktikum\\tugas2_routing\\vendor\\laravel\\framework\\src\\Illuminate\\Pipeline\\Pipeline.php(183): Illuminate\\Foundation\\Http\\Middleware\\TrimStrings->handle(Object(Illuminate\\Http\\Request), Object(Closure))
#41 F:\\ITTS Materi\\Semester 4\\Framework\\Praktikum\\tugas2_routing\\vendor\\laravel\\framework\\src\\Illuminate\\Foundation\\Http\\Middleware\\ValidatePostSize.php(27): Illuminate\\Pipeline\\Pipeline->Illuminate\\Pipeline\\{closure}(Object(Illuminate\\Http\\Request))
#42 F:\\ITTS Materi\\Semester 4\\Framework\\Praktikum\\tugas2_routing\\vendor\\laravel\\framework\\src\\Illuminate\\Pipeline\\Pipeline.php(183): Illuminate\\Foundation\\Http\\Middleware\\ValidatePostSize->handle(Object(Illuminate\\Http\\Request), Object(Closure))
#43 F:\\ITTS Materi\\Semester 4\\Framework\\Praktikum\\tugas2_routing\\vendor\\laravel\\framework\\src\\Illuminate\\Foundation\\Http\\Middleware\\PreventRequestsDuringMaintenance.php(99): Illuminate\\Pipeline\\Pipeline->Illuminate\\Pipeline\\{closure}(Object(Illuminate\\Http\\Request))
#44 F:\\ITTS Materi\\Semester 4\\Framework\\Praktikum\\tugas2_routing\\vendor\\laravel\\framework\\src\\Illuminate\\Pipeline\\Pipeline.php(183): Illuminate\\Foundation\\Http\\Middleware\\PreventRequestsDuringMaintenance->handle(Object(Illuminate\\Http\\Request), Object(Closure))
#45 F:\\ITTS Materi\\Semester 4\\Framework\\Praktikum\\tugas2_routing\\vendor\\laravel\\framework\\src\\Illuminate\\Http\\Middleware\\HandleCors.php(49): Illuminate\\Pipeline\\Pipeline->Illuminate\\Pipeline\\{closure}(Object(Illuminate\\Http\\Request))
#46 F:\\ITTS Materi\\Semester 4\\Framework\\Praktikum\\tugas2_routing\\vendor\\laravel\\framework\\src\\Illuminate\\Pipeline\\Pipeline.php(183): Illuminate\\Http\\Middleware\\HandleCors->handle(Object(Illuminate\\Http\\Request), Object(Closure))
#47 F:\\ITTS Materi\\Semester 4\\Framework\\Praktikum\\tugas2_routing\\vendor\\laravel\\framework\\src\\Illuminate\\Http\\Middleware\\TrustProxies.php(39): Illuminate\\Pipeline\\Pipeline->Illuminate\\Pipeline\\{closure}(Object(Illuminate\\Http\\Request))
#48 F:\\ITTS Materi\\Semester 4\\Framework\\Praktikum\\tugas2_routing\\vendor\\laravel\\framework\\src\\Illuminate\\Pipeline\\Pipeline.php(183): Illuminate\\Http\\Middleware\\TrustProxies->handle(Object(Illuminate\\Http\\Request), Object(Closure))
#49 F:\\ITTS Materi\\Semester 4\\Framework\\Praktikum\\tugas2_routing\\vendor\\laravel\\framework\\src\\Illuminate\\Pipeline\\Pipeline.php(119): Illuminate\\Pipeline\\Pipeline->Illuminate\\Pipeline\\{closure}(Object(Illuminate\\Http\\Request))
#50 F:\\ITTS Materi\\Semester 4\\Framework\\Praktikum\\tugas2_routing\\vendor\\laravel\\framework\\src\\Illuminate\\Foundation\\Http\\Kernel.php(175): Illuminate\\Pipeline\\Pipeline->then(Object(Closure))
#51 F:\\ITTS Materi\\Semester 4\\Framework\\Praktikum\\tugas2_routing\\vendor\\laravel\\framework\\src\\Illuminate\\Foundation\\Http\\Kernel.php(144): Illuminate\\Foundation\\Http\\Kernel->sendRequestThroughRouter(Object(Illuminate\\Http\\Request))
#52 F:\\ITTS Materi\\Semester 4\\Framework\\Praktikum\\tugas2_routing\\public\\index.php(51): Illuminate\\Foundation\\Http\\Kernel->handle(Object(Illuminate\\Http\\Request))
#53 F:\\ITTS Materi\\Semester 4\\Framework\\Praktikum\\tugas2_routing\\vendor\\laravel\\framework\\src\\Illuminate\\Foundation\\resources\\server.php(16): require_once('F:\\\\ITTS Materi\\\\...')
#54 {main}
"} 
[2024-03-24 12:43:17] local.ERROR: syntax error, unexpected end of file {"exception":"[object] (ParseError(code: 0): syntax error, unexpected end of file at F:\\ITTS Materi\\Semester 4\\Framework\\Praktikum\\tugas2_routing\\routes\\web.php:69)
[stacktrace]
#0 F:\\ITTS Materi\\Semester 4\\Framework\\Praktikum\\tugas2_routing\\vendor\\laravel\\framework\\src\\Illuminate\\Routing\\Router.php(511): Illuminate\\Routing\\RouteFileRegistrar->register('F:\\\\ITTS Materi\\\\...')
#1 F:\\ITTS Materi\\Semester 4\\Framework\\Praktikum\\tugas2_routing\\vendor\\laravel\\framework\\src\\Illuminate\\Routing\\Router.php(465): Illuminate\\Routing\\Router->loadRoutes('F:\\\\ITTS Materi\\\\...')
#2 F:\\ITTS Materi\\Semester 4\\Framework\\Praktikum\\tugas2_routing\\vendor\\laravel\\framework\\src\\Illuminate\\Routing\\RouteRegistrar.php(194): Illuminate\\Routing\\Router->group(Array, 'F:\\\\ITTS Materi\\\\...')
#3 F:\\ITTS Materi\\Semester 4\\Framework\\Praktikum\\tugas2_routing\\app\\Providers\\RouteServiceProvider.php(37): Illuminate\\Routing\\RouteRegistrar->group('F:\\\\ITTS Materi\\\\...')
#4 F:\\ITTS Materi\\Semester 4\\Framework\\Praktikum\\tugas2_routing\\vendor\\laravel\\framework\\src\\Illuminate\\Container\\BoundMethod.php(36): App\\Providers\\RouteServiceProvider->App\\Providers\\{closure}()
#5 F:\\ITTS Materi\\Semester 4\\Framework\\Praktikum\\tugas2_routing\\vendor\\laravel\\framework\\src\\Illuminate\\Container\\Util.php(41): Illuminate\\Container\\BoundMethod::Illuminate\\Container\\{closure}()
#6 F:\\ITTS Materi\\Semester 4\\Framework\\Praktikum\\tugas2_routing\\vendor\\laravel\\framework\\src\\Illuminate\\Container\\BoundMethod.php(81): Illuminate\\Container\\Util::unwrapIfClosure(Object(Closure))
#7 F:\\ITTS Materi\\Semester 4\\Framework\\Praktikum\\tugas2_routing\\vendor\\laravel\\framework\\src\\Illuminate\\Container\\BoundMethod.php(35): Illuminate\\Container\\BoundMethod::callBoundMethod(Object(Illuminate\\Foundation\\Application), Object(Closure), Object(Closure))
#8 F:\\ITTS Materi\\Semester 4\\Framework\\Praktikum\\tugas2_routing\\vendor\\laravel\\framework\\src\\Illuminate\\Container\\Container.php(662): Illuminate\\Container\\BoundMethod::call(Object(Illuminate\\Foundation\\Application), Object(Closure), Array, NULL)
#9 F:\\ITTS Materi\\Semester 4\\Framework\\Praktikum\\tugas2_routing\\vendor\\laravel\\framework\\src\\Illuminate\\Foundation\\Support\\Providers\\RouteServiceProvider.php(120): Illuminate\\Container\\Container->call(Object(Closure))
#10 F:\\ITTS Materi\\Semester 4\\Framework\\Praktikum\\tugas2_routing\\vendor\\laravel\\framework\\src\\Illuminate\\Foundation\\Support\\Providers\\RouteServiceProvider.php(45): Illuminate\\Foundation\\Support\\Providers\\RouteServiceProvider->loadRoutes()
#11 F:\\ITTS Materi\\Semester 4\\Framework\\Praktikum\\tugas2_routing\\vendor\\laravel\\framework\\src\\Illuminate\\Container\\BoundMethod.php(36): Illuminate\\Foundation\\Support\\Providers\\RouteServiceProvider->Illuminate\\Foundation\\Support\\Providers\\{closure}()
#12 F:\\ITTS Materi\\Semester 4\\Framework\\Praktikum\\tugas2_routing\\vendor\\laravel\\framework\\src\\Illuminate\\Container\\Util.php(41): Illuminate\\Container\\BoundMethod::Illuminate\\Container\\{closure}()
#13 F:\\ITTS Materi\\Semester 4\\Framework\\Praktikum\\tugas2_routing\\vendor\\laravel\\framework\\src\\Illuminate\\Container\\BoundMethod.php(81): Illuminate\\Container\\Util::unwrapIfClosure(Object(Closure))
#14 F:\\ITTS Materi\\Semester 4\\Framework\\Praktikum\\tugas2_routing\\vendor\\laravel\\framework\\src\\Illuminate\\Container\\BoundMethod.php(35): Illuminate\\Container\\BoundMethod::callBoundMethod(Object(Illuminate\\Foundation\\Application), Object(Closure), Object(Closure))
#15 F:\\ITTS Materi\\Semester 4\\Framework\\Praktikum\\tugas2_routing\\vendor\\laravel\\framework\\src\\Illuminate\\Container\\Container.php(662): Illuminate\\Container\\BoundMethod::call(Object(Illuminate\\Foundation\\Application), Object(Closure), Array, NULL)
#16 F:\\ITTS Materi\\Semester 4\\Framework\\Praktikum\\tugas2_routing\\vendor\\laravel\\framework\\src\\Illuminate\\Support\\ServiceProvider.php(119): Illuminate\\Container\\Container->call(Object(Closure))
#17 F:\\ITTS Materi\\Semester 4\\Framework\\Praktikum\\tugas2_routing\\vendor\\laravel\\framework\\src\\Illuminate\\Foundation\\Application.php(1033): Illuminate\\Support\\ServiceProvider->callBootedCallbacks()
#18 F:\\ITTS Materi\\Semester 4\\Framework\\Praktikum\\tugas2_routing\\vendor\\laravel\\framework\\src\\Illuminate\\Foundation\\Application.php(1011): Illuminate\\Foundation\\Application->bootProvider(Object(App\\Providers\\RouteServiceProvider))
#19 [internal function]: Illuminate\\Foundation\\Application->Illuminate\\Foundation\\{closure}(Object(App\\Providers\\RouteServiceProvider), 25)
#20 F:\\ITTS Materi\\Semester 4\\Framework\\Praktikum\\tugas2_routing\\vendor\\laravel\\framework\\src\\Illuminate\\Foundation\\Application.php(1010): array_walk(Array, Object(Closure))
#21 F:\\ITTS Materi\\Semester 4\\Framework\\Praktikum\\tugas2_routing\\vendor\\laravel\\framework\\src\\Illuminate\\Foundation\\Bootstrap\\BootProviders.php(17): Illuminate\\Foundation\\Application->boot()
#22 F:\\ITTS Materi\\Semester 4\\Framework\\Praktikum\\tugas2_routing\\vendor\\laravel\\framework\\src\\Illuminate\\Foundation\\Application.php(263): Illuminate\\Foundation\\Bootstrap\\BootProviders->bootstrap(Object(Illuminate\\Foundation\\Application))
#23 F:\\ITTS Materi\\Semester 4\\Framework\\Praktikum\\tugas2_routing\\vendor\\laravel\\framework\\src\\Illuminate\\Foundation\\Console\\Kernel.php(447): Illuminate\\Foundation\\Application->bootstrapWith(Array)
#24 F:\\ITTS Materi\\Semester 4\\Framework\\Praktikum\\tugas2_routing\\vendor\\laravel\\framework\\src\\Illuminate\\Foundation\\Console\\Kernel.php(199): Illuminate\\Foundation\\Console\\Kernel->bootstrap()
#25 Command line code(1): Illuminate\\Foundation\\Console\\Kernel->handle(Object(Symfony\\Component\\Console\\Input\\ArgvInput), Object(Symfony\\Component\\Console\\Output\\ConsoleOutput))
#26 {main}
"} 
